<?xml version="1.0" encoding="UTF-8"?>
<!-- Generated by org.testng.reporters.JUnitReportReporter -->
<testsuite hostname="DESKTOP-R9TV8P8" failures="0" tests="1" name="Testcases.TestCase02" time="8.161" errors="0" timestamp="2023-10-13T11:45:11 IST" skipped="0">
  <testcase classname="Testcases.TestCase02" name="logintest" time="8.161"/>
</testsuite> <!-- Testcases.TestCase02 -->
